2014-09-01 17:01:49.866 HelloWorld[6225:70b] Multi-tasking -> Device: YES, App: YES
2014-09-01 17:01:49.874 HelloWorld[6225:70b] Unlimited access to network resources
2014-09-01 17:01:49.877 HelloWorld[6225:70b] 

Started backup to iCloud! Please be careful.
Your application might rejected by Apple if you store too much data.
For more information please read "iOS Data Storage Guidelines"
You could find it at the following address https://developer.apple.com/icloud/documentation/data-storage/ .

2014-09-01 17:01:49.953 HelloWorld[6225:70b] Resetting plugins due to page load.
2014-09-01 17:01:50.026 HelloWorld[6225:70b] Finished load of: file:///Users/georgevalergas/Library/Application%20Support/iPhone%20Simulator/7.1/Applications/2B5E9189-D1EF-4540-B26B-92D972ED373A/HelloWorld.app/www/index.html
2014-09-01 17:02:05.700 HelloWorld[6293:70b] Multi-tasking -> Device: YES, App: YES
2014-09-01 17:02:05.709 HelloWorld[6293:70b] Unlimited access to network resources
2014-09-01 17:02:05.712 HelloWorld[6293:70b] 

Started backup to iCloud! Please be careful.
Your application might rejected by Apple if you store too much data.
For more information please read "iOS Data Storage Guidelines"
You could find it at the following address https://developer.apple.com/icloud/documentation/data-storage/ .

2014-09-01 17:02:05.768 HelloWorld[6293:70b] Resetting plugins due to page load.
2014-09-01 17:02:05.808 HelloWorld[6293:70b] Finished load of: file:///Users/georgevalergas/Library/Application%20Support/iPhone%20Simulator/7.1/Applications/2B5E9189-D1EF-4540-B26B-92D972ED373A/HelloWorld.app/www/index.html
2014-09-01 17:02:12.286 HelloWorld[6360:70b] Multi-tasking -> Device: YES, App: YES
2014-09-01 17:02:12.295 HelloWorld[6360:70b] Unlimited access to network resources
2014-09-01 17:02:12.298 HelloWorld[6360:70b] 

Started backup to iCloud! Please be careful.
Your application might rejected by Apple if you store too much data.
For more information please read "iOS Data Storage Guidelines"
You could find it at the following address https://developer.apple.com/icloud/documentation/data-storage/ .

2014-09-01 17:02:12.349 HelloWorld[6360:70b] Resetting plugins due to page load.
2014-09-01 17:02:12.393 HelloWorld[6360:70b] Finished load of: file:///Users/georgevalergas/Library/Application%20Support/iPhone%20Simulator/7.1/Applications/2B5E9189-D1EF-4540-B26B-92D972ED373A/HelloWorld.app/www/index.html
2014-09-01 17:02:39.482 HelloWorld[6522:70b] Multi-tasking -> Device: YES, App: YES
2014-09-01 17:02:39.488 HelloWorld[6522:70b] Unlimited access to network resources
2014-09-01 17:02:39.490 HelloWorld[6522:70b] 

Started backup to iCloud! Please be careful.
Your application might rejected by Apple if you store too much data.
For more information please read "iOS Data Storage Guidelines"
You could find it at the following address https://developer.apple.com/icloud/documentation/data-storage/ .

2014-09-01 17:02:39.565 HelloWorld[6522:70b] Resetting plugins due to page load.
2014-09-01 17:02:39.617 HelloWorld[6522:70b] Finished load of: file:///Users/georgevalergas/Library/Application%20Support/iPhone%20Simulator/7.1/Applications/2B5E9189-D1EF-4540-B26B-92D972ED373A/HelloWorld.app/www/index.html
Terminating in response to SpringBoard's termination.
